<?xml version="1.0" encoding="UTF-8"?>
<testsuite name="ru.stqa.jft.sandbox.PointTests" tests="1" skipped="0" failures="0" errors="0" timestamp="2022-01-04T12:07:34" hostname="CYS" time="0.016">
  <properties/>
  <testcase name="testDistancePoint" classname="ru.stqa.jft.sandbox.PointTests" time="0.016"/>
  <system-out><![CDATA[]]></system-out>
  <system-err><![CDATA[]]></system-err>
</testsuite>
