<?xml version="1.0" encoding="UTF-8"?>
<testsuite name="ru.stqa.jft.sandbox.EquationTests" tests="6" skipped="0" failures="0" errors="0" timestamp="2021-12-08T12:37:05" hostname="CYS" time="0.013">
  <properties/>
  <testcase name="test0" classname="ru.stqa.jft.sandbox.EquationTests" time="0.006"/>
  <testcase name="test1" classname="ru.stqa.jft.sandbox.EquationTests" time="0.0"/>
  <testcase name="test2" classname="ru.stqa.jft.sandbox.EquationTests" time="0.0"/>
  <testcase name="testConstant" classname="ru.stqa.jft.sandbox.EquationTests" time="0.0"/>
  <testcase name="testLinear" classname="ru.stqa.jft.sandbox.EquationTests" time="0.0"/>
  <testcase name="testZero" classname="ru.stqa.jft.sandbox.EquationTests" time="0.0"/>
  <system-out><![CDATA[]]></system-out>
  <system-err><![CDATA[]]></system-err>
</testsuite>
