<?xml version="1.0" encoding="UTF-8"?>
<testsuite name="ru.stqa.jft.sandbox.SquareTests" tests="1" skipped="0" failures="0" errors="0" timestamp="2021-11-21T09:32:48" hostname="CYS" time="0.0">
  <properties/>
  <testcase name="testArea" classname="ru.stqa.jft.sandbox.SquareTests" time="0.0"/>
  <system-out><![CDATA[]]></system-out>
  <system-err><![CDATA[]]></system-err>
</testsuite>
