<?xml version="1.0" encoding="UTF-8"?>
<testsuite name="ru.stqa.jft.addressbook.tests.ContactCreationTests" tests="1" skipped="0" failures="0" errors="0" timestamp="2021-12-09T07:13:34" hostname="CYS" time="5.196">
  <properties/>
  <testcase name="testContactCreation" classname="ru.stqa.jft.addressbook.tests.ContactCreationTests" time="5.196"/>
  <system-out><![CDATA[]]></system-out>
  <system-err><![CDATA[SLF4J: Failed to load class "org.slf4j.impl.StaticLoggerBinder".
SLF4J: Defaulting to no-operation (NOP) logger implementation
SLF4J: See http://www.slf4j.org/codes.html#StaticLoggerBinder for further details.
1639034009478	geckodriver	INFO	Listening on 127.0.0.1:54602
1639034010827	mozrunner::runner	INFO	Running command: "C:\\Program Files\\Mozilla Firefox esr\\firefox.exe" "--marionette" "--remote-debugging-port" "64215" "-no-remote" "-profile" "C:\\Users\\artyo\\AppData\\Local\\Temp\\rust_mozprofile7PMNyY"
1639034011220	Marionette	INFO	Marionette enabled
console.warn: SearchSettings: "get: No settings file exists, new profile?" (new NotFoundError("Could not open the file at C:\\Users\\artyo\\AppData\\Local\\Temp\\rust_mozprofile7PMNyY\\search.json.mozlz4", (void 0)))
DevTools listening on ws://localhost:64215/devtools/browser/a56ef807-5ec3-4bcd-8534-07326a16b4a0
1639034013309	Marionette	INFO	Listening on port 50038
1639034013505	RemoteAgent	WARN	TLS certificate errors will be ignored for this session
дек. 09, 2021 10:13:33 AM org.openqa.selenium.remote.ProtocolHandshake createSession
INFO: Detected dialect: W3C
1639034019647	Marionette	INFO	Stopped listening on port 50038
JavaScript error: resource:///modules/Interactions.jsm, line 209: NS_ERROR_FAILURE: Component returned failure code: 0x80004005 (NS_ERROR_FAILURE) [nsIUserIdleService.removeIdleObserver]
!!! error running onStopped callback: TypeError: callback is not a function
1639034022116	RemoteAgent	ERROR	unable to stop listener: [Exception... "Component returned failure code: 0x8000ffff (NS_ERROR_UNEXPECTED) [nsIWindowMediator.getEnumerator]"  nsresult: "0x8000ffff (NS_ERROR_UNEXPECTED)"  location: "JS frame :: chrome://remote/content/cdp/observers/TargetObserver.jsm :: stop :: line 64"  data: no] Stack trace: stop()@TargetObserver.jsm:64
unwatchForTabs()@TargetList.jsm:70
unwatchForTargets()@TargetList.jsm:37
destructor()@TargetList.jsm:109
stop()@CDP.jsm:104
close()@RemoteAgent.jsm:138
]]></system-err>
</testsuite>
