<?xml version="1.0" encoding="UTF-8"?>
<testsuite name="ru.stqa.jft.addressbook.tests.GroupModificationTest" tests="1" skipped="0" failures="0" errors="0" timestamp="2021-12-08T18:35:22" hostname="CYS" time="1.632">
  <properties/>
  <testcase name="testGroupModification" classname="ru.stqa.jft.addressbook.tests.GroupModificationTest" time="1.632"/>
  <system-out><![CDATA[]]></system-out>
  <system-err><![CDATA[SLF4J: Failed to load class "org.slf4j.impl.StaticLoggerBinder".
SLF4J: Defaulting to no-operation (NOP) logger implementation
SLF4J: See http://www.slf4j.org/codes.html#StaticLoggerBinder for further details.
1638988516341	geckodriver	INFO	Listening on 127.0.0.1:52448
1638988517877	mozrunner::runner	INFO	Running command: "C:\\Program Files\\Mozilla Firefox esr\\firefox.exe" "--marionette" "--remote-debugging-port" "65434" "-no-remote" "-profile" "C:\\Users\\artyo\\AppData\\Local\\Temp\\rust_mozprofileOZ5nIi"
1638988518387	Marionette	INFO	Marionette enabled
console.warn: SearchSettings: "get: No settings file exists, new profile?" (new NotFoundError("Could not open the file at C:\\Users\\artyo\\AppData\\Local\\Temp\\rust_mozprofileOZ5nIi\\search.json.mozlz4", (void 0)))
DevTools listening on ws://localhost:65434/devtools/browser/18faa4bd-7c1c-40cd-aa12-0020e8e92e58
1638988520954	Marionette	INFO	Listening on port 58614
1638988521070	RemoteAgent	WARN	TLS certificate errors will be ignored for this session
дек. 08, 2021 9:35:21 PM org.openqa.selenium.remote.ProtocolHandshake createSession
INFO: Detected dialect: W3C
1638988523823	Marionette	INFO	Stopped listening on port 58614
JavaScript error: resource:///modules/Interactions.jsm, line 209: NS_ERROR_FAILURE: Component returned failure code: 0x80004005 (NS_ERROR_FAILURE) [nsIUserIdleService.removeIdleObserver]
!!! error running onStopped callback: TypeError: callback is not a function

###!!! [Parent][MessageChannel] Error: (msgtype=0x390076,name=PContent::Msg_DestroyBrowsingContextGroup) Closed channel: cannot send/recv

1638988524692	RemoteAgent	ERROR	unable to stop listener: [Exception... "Component returned failure code: 0x8000ffff (NS_ERROR_UNEXPECTED) [nsIWindowMediator.getEnumerator]"  nsresult: "0x8000ffff (NS_ERROR_UNEXPECTED)"  location: "JS frame :: chrome://remote/content/cdp/observers/TargetObserver.jsm :: stop :: line 64"  data: no] Stack trace: stop()@TargetObserver.jsm:64
unwatchForTabs()@TargetList.jsm:70
unwatchForTargets()@TargetList.jsm:37
destructor()@TargetList.jsm:109
stop()@CDP.jsm:104
close()@RemoteAgent.jsm:138
]]></system-err>
</testsuite>
