<?xml version="1.0" encoding="UTF-8"?>
<testsuite name="ru.stqa.jft.addressbook.GroupCreationTests" tests="1" skipped="0" failures="0" errors="0" timestamp="2021-11-21T12:36:27" hostname="CYS" time="1.959">
  <properties/>
  <testcase name="test1" classname="ru.stqa.jft.addressbook.GroupCreationTests" time="1.959"/>
  <system-out><![CDATA[]]></system-out>
  <system-err><![CDATA[]]></system-err>
</testsuite>
