<?xml version="1.0" encoding="UTF-8"?>
<testsuite name="ru.stqa.jft.addressbook.tests.GroupDeletionTests" tests="1" skipped="0" failures="0" errors="0" timestamp="2022-01-12T06:49:29" hostname="CYS" time="1.101">
  <properties/>
  <testcase name="testGroupDeletion" classname="ru.stqa.jft.addressbook.tests.GroupDeletionTests" time="1.101"/>
  <system-out><![CDATA[]]></system-out>
  <system-err><![CDATA[]]></system-err>
</testsuite>
