<?xml version="1.0" encoding="UTF-8"?>
<testsuite name="ru.stqa.jft.addressbook.tests.ContactCreationTests" tests="1" skipped="0" failures="0" errors="0" timestamp="2022-01-09T17:04:59" hostname="CYS" time="5.562">
  <properties/>
  <testcase name="testContactCreation" classname="ru.stqa.jft.addressbook.tests.ContactCreationTests" time="5.562"/>
  <system-out><![CDATA[]]></system-out>
  <system-err><![CDATA[SLF4J: Failed to load class "org.slf4j.impl.StaticLoggerBinder".
SLF4J: Defaulting to no-operation (NOP) logger implementation
SLF4J: See http://www.slf4j.org/codes.html#StaticLoggerBinder for further details.
1641747893645	geckodriver	INFO	Listening on 127.0.0.1:49436
1641747895004	mozrunner::runner	INFO	Running command: "C:\\Program Files\\Mozilla Firefox esr\\firefox.exe" "--marionette" "--remote-debugging-port" "56981" "-no-remote" "-profile" "C:\\Users\\artyo\\AppData\\Local\\Temp\\rust_mozprofileXVIjGI"
1641747895496	Marionette	INFO	Marionette enabled
console.warn: SearchSettings: "get: No settings file exists, new profile?" (new NotFoundError("Could not open the file at C:\\Users\\artyo\\AppData\\Local\\Temp\\rust_mozprofileXVIjGI\\search.json.mozlz4", (void 0)))
DevTools listening on ws://localhost:56981/devtools/browser/cdc3048e-e721-4edd-8d2e-ff8e17e205eb
1641747898074	Marionette	INFO	Listening on port 55018
1641747898192	RemoteAgent	WARN	TLS certificate errors will be ignored for this session
янв. 09, 2022 8:04:58 PM org.openqa.selenium.remote.ProtocolHandshake createSession
INFO: Detected dialect: W3C
1641747904865	Marionette	INFO	Stopped listening on port 55018
JavaScript error: resource:///modules/Interactions.jsm, line 209: NS_ERROR_FAILURE: Component returned failure code: 0x80004005 (NS_ERROR_FAILURE) [nsIUserIdleService.removeIdleObserver]
!!! error running onStopped callback: TypeError: callback is not a function
1641747907339	RemoteAgent	ERROR	unable to stop listener: [Exception... "Component returned failure code: 0x8000ffff (NS_ERROR_UNEXPECTED) [nsIWindowMediator.getEnumerator]"  nsresult: "0x8000ffff (NS_ERROR_UNEXPECTED)"  location: "JS frame :: chrome://remote/content/cdp/observers/TargetObserver.jsm :: stop :: line 64"  data: no] Stack trace: stop()@TargetObserver.jsm:64
unwatchForTabs()@TargetList.jsm:70
unwatchForTargets()@TargetList.jsm:37
destructor()@TargetList.jsm:109
stop()@CDP.jsm:104
close()@RemoteAgent.jsm:138
]]></system-err>
</testsuite>
