<?xml version="1.0" encoding="UTF-8"?>
<testsuite name="ru.stqa.jft.addressbook.tests.GroupModificationTest" tests="1" skipped="0" failures="0" errors="0" timestamp="2021-12-20T18:17:55" hostname="CYS" time="1.525">
  <properties/>
  <testcase name="testGroupModification" classname="ru.stqa.jft.addressbook.tests.GroupModificationTest" time="1.525"/>
  <system-out><![CDATA[]]></system-out>
  <system-err><![CDATA[SLF4J: Failed to load class "org.slf4j.impl.StaticLoggerBinder".
SLF4J: Defaulting to no-operation (NOP) logger implementation
SLF4J: See http://www.slf4j.org/codes.html#StaticLoggerBinder for further details.
1640024270038	geckodriver	INFO	Listening on 127.0.0.1:60742
1640024271420	mozrunner::runner	INFO	Running command: "C:\\Program Files\\Mozilla Firefox esr\\firefox.exe" "--marionette" "--remote-debugging-port" "50358" "-no-remote" "-profile" "C:\\Users\\artyo\\AppData\\Local\\Temp\\rust_mozprofile1IBtOO"
1640024271897	Marionette	INFO	Marionette enabled
console.warn: SearchSettings: "get: No settings file exists, new profile?" (new NotFoundError("Could not open the file at C:\\Users\\artyo\\AppData\\Local\\Temp\\rust_mozprofile1IBtOO\\search.json.mozlz4", (void 0)))
DevTools listening on ws://localhost:50358/devtools/browser/1b3883b4-8d43-48a6-bc26-38c6d4f0447b
1640024274054	Marionette	INFO	Listening on port 55438
1640024274095	RemoteAgent	WARN	TLS certificate errors will be ignored for this session
дек. 20, 2021 9:17:54 PM org.openqa.selenium.remote.ProtocolHandshake createSession
INFO: Detected dialect: W3C
1640024276656	Marionette	INFO	Stopped listening on port 55438
JavaScript error: resource:///modules/Interactions.jsm, line 209: NS_ERROR_FAILURE: Component returned failure code: 0x80004005 (NS_ERROR_FAILURE) [nsIUserIdleService.removeIdleObserver]
!!! error running onStopped callback: TypeError: callback is not a function

###!!! [Parent][MessageChannel] Error: (msgtype=0x390076,name=PContent::Msg_DestroyBrowsingContextGroup) Closed channel: cannot send/recv

1640024277470	RemoteAgent	ERROR	unable to stop listener: [Exception... "Component returned failure code: 0x8000ffff (NS_ERROR_UNEXPECTED) [nsIWindowMediator.getEnumerator]"  nsresult: "0x8000ffff (NS_ERROR_UNEXPECTED)"  location: "JS frame :: chrome://remote/content/cdp/observers/TargetObserver.jsm :: stop :: line 64"  data: no] Stack trace: stop()@TargetObserver.jsm:64
unwatchForTabs()@TargetList.jsm:70
unwatchForTargets()@TargetList.jsm:37
destructor()@TargetList.jsm:109
stop()@CDP.jsm:104
close()@RemoteAgent.jsm:138
]]></system-err>
</testsuite>
