<?xml version="1.0" encoding="UTF-8"?>
<testsuite name="ru.stqa.jft.addressbook.tests.GroupModificationTest" tests="1" skipped="0" failures="0" errors="0" timestamp="2022-01-12T06:49:30" hostname="CYS" time="1.983">
  <properties/>
  <testcase name="testGroupModification" classname="ru.stqa.jft.addressbook.tests.GroupModificationTest" time="1.983"/>
  <system-out><![CDATA[]]></system-out>
  <system-err><![CDATA[]]></system-err>
</testsuite>
